Watching for file changes with StatReloader
Creating a new Client object.
/app/main_api/views.py changed, reloading.
Watching for file changes with StatReloader
/app/main_api/views.py changed, reloading.
Watching for file changes with StatReloader
/app/main_api/views.py changed, reloading.
Watching for file changes with StatReloader
/app/main_api/views.py changed, reloading.
Watching for file changes with StatReloader
/app/main_api/views.py changed, reloading.
Watching for file changes with StatReloader
Clientis created
/app/main_api/utils.py changed, reloading.
Watching for file changes with StatReloader
Delivery is created
/app/main_api/tasks.py changed, reloading.
Watching for file changes with StatReloader
/app/main_api/tasks.py changed, reloading.
Watching for file changes with StatReloader
/app/main_api/tasks.py changed, reloading.
Watching for file changes with StatReloader
Delivery is created
Delivery is created
Watching for file changes with StatReloader
Delivery is created
/app/main_api/tasks.py changed, reloading.
Watching for file changes with StatReloader
Delivery is created
Delivery is created
/app/main_api/tasks.py changed, reloading.
Watching for file changes with StatReloader
Delivery is created
/app/main_api/tasks.py changed, reloading.
Watching for file changes with StatReloader
Delivery is created
Watching for file changes with StatReloader
Delivery is created
